<?xml version="1.0" encoding="UTF-8"?>
<testsuite name="MathTest2" tests="4" skipped="0" failures="0" errors="0" timestamp="2015-12-14T12:26:29" hostname="UNIT-539" time="30.004">
  <properties/>
  <testcase name="testAdd" classname="MathTest2" time="10.001"/>
  <testcase name="testSubZero5" classname="MathTest2" time="5.001"/>
  <testcase name="testAddNegZero" classname="MathTest2" time="10.002"/>
  <testcase name="testAddZeroZero" classname="MathTest2" time="5.0"/>
  <system-out><![CDATA[]]></system-out>
  <system-err><![CDATA[]]></system-err>
</testsuite>
